ICCAD Contest B
Input:  ../testcase/case2.txt
Output: ./result/case2.out

Parsing input...
Non complete
Cell complete
Instance complete
Net complete
parser route complete
VoltageArea complete
Design boundary: 4 x 4
Number of layer: 3
Number of cell: 2
Number of instance: 6
Number of net: 6
Maximum of Cell Movement: 3
Total wire length: 30

Call RCM Router...
Initial routing engine
Loading design information..............complete
Creating routing graph..................complete
Creating forced model...................complete
Creating network........................complete
Linking network.........................complete
Creating voltage area index.............1
2
complete
 Net Forced 
Forced 
C1 4.68
C2 6.6
C3 5
C4 -1.5
C5 -1.5
C6 1.52

Start Routing Optimization
[1627063288] Pre route ver3_2
[0] N3 3 3 
N3 Ideal: 3 Real: 3
[0] N5 5.6 5.6 
N5 Ideal: 5.6 Real: 5.6
[0] N4 5.6 5.6 
N4 Ideal: 5.6 Real: 5.6
[0] N2 5.6 5.6 
N2 Ideal: 5.6 Real: 5.6
[0] N1 9 9 
N1 Ideal: 9 Real: 9
[1627063288] Pre route ver4_2
N1 Ideal: 9 Real: 9
N3 Ideal: 3 Real: 3
N6 Ideal: 4.4 Real: 4.4
N2 Ideal: 5.6 Real: 5.6
N4 Ideal: 5.6 Real: 5.6
N5 Ideal: 5.6 Real: 5.6
After pre reroute: 33.2
Picking Instances...
Pick_instance: C3 Max forced: 5
Pick: C3 at 2 2

at single cell
at multipleCellMovement
Origin Rip net: 
N1
N4
N5
Find Place to Move
2
1
1
Here
Voltage Area: 0
14.5 14.9 16 17.2 18.2 18.2 18.9 19.7 22.7 24.2 24.2 
Choice 11
( 3 1 )( 4 1 )( 3 3 )( 3 2 )( 4 3 )( 4 2 )( 4 4 )( 3 4 )( 2 1 )( 2 3 )( 2 2 )
Place Result in total best: 0
C3 3 1 at 10
Route net
N1 Previous: 9 
Original Constraint: 24.7  New Constraint: 13.2667
N1 Ideal: 8 Real: 9
Ideal: 8 After: 7
Release: 12.7

N4 Previous: 5.6 
Original Constraint: 12.7  New Constraint: 11.5
N4 Ideal: 3.6 Real: 5.6
Ideal: 3.6 After: 3
Release: 9.1

N5 Previous: 5.6 
Original Constraint: 9.1  New Constraint: 9.1
N5 Ideal: 1.2 Real: 5.6
Ideal: 1.2 After: 1
Release: 7.9

Original Length: 24.7 New Length: 16.8
check result
update model
C3 0.15
C1 5.52
C2 5.1
C4 -1.5
C6 -0.4
return  multipleCellMovement result
moveCell
Iter 1 .................................left: 2
Here 
Reduce: 7.4

Picking Instances...
Pick_instance: C3 Max forced: 0.15
Pick: C3 at 3 1

at single cell
at multipleCellMovement
Origin Rip net: 
N1
N4
N5
Find Place to Move
2
1
1
Here
Voltage Area: 0
14.5 
Choice 1
( 3 1 )
recover information
C3 0.15
Rip net list: 
N1 N4 N5 
Backup list: 
N1 N4 N5 
return  multipleCellMovement result
moveCell
lock
Reduce: 0

Picking Instances...
Pick_instance: C6 Max forced: -0.4
Pick: C6 at 3 1

at single cell
at multipleCellMovement
Origin Rip net: 
N5
N6
Find Place to Move
1
1
Here
Voltage Area: 0
3.2 3.84 
Choice 2
( 4 1 )( 3 1 )
Place Result in total best: 0
C6 4 1 at 1
Route net
N5 Previous: 1.2 
Original Constraint: 6.48  New Constraint: 5.04
N5 Ideal: 4.4 Real: 1.2
Ideal: 4.4 After: 4
Release: 2.08

N6 Previous: 4.4 
Original Constraint: 2.08  New Constraint: 1.73333
N6 Ideal: 1.2 Real: 4.4
Ideal: 1.2 After: 1
Release: 0.64

Original Length: 6.48 New Length: 5.84
check result
update model
C6 -0.72
C3 3.5
C1 0.72
return  multipleCellMovement result
moveCell
Iter 3 .................................left: 1
Here 
Reduce: 3.55271e-15

Picking Instances...
Pick_instance: C3 Max forced: 3.5
Pick: C3 at 3 1

at single cell
at multipleCellMovement
Origin Rip net: 
N1
N4
N5
Find Place to Move
2
1
1
Here
Voltage Area: 0
11.7 16.2 16.2 16.9 17.7 
Choice 5
( 4 1 )( 4 3 )( 4 2 )( 4 4 )( 3 1 )
Place Result in total best: 0
C3 4 1 at 4
Route net
N1 Previous: 8 
Original Constraint: 20  New Constraint: 8
N1 Ideal: 4.8 Real: 8
Ideal: 4.8 After: 4
Release: 12.8

N4 Previous: 3.6 
Original Constraint: 12.8  New Constraint: 11.6
N4 Ideal: 6.8 Real: 3.6
Ideal: 6.8 After: 6
Release: 6

N5 Previous: 4.4 
Original Constraint: 6  New Constraint: 6
N5 Ideal: 1.2 Real: 4.4
Ideal: 1.2 After: 1
Release: 4.8

Original Length: 20 New Length: 15.2
check result
update model
C3 -0.4
C1 -0.72
C2 4
C4 -1.5
C6 -2.64
return  multipleCellMovement result
moveCell
Iter 4 .................................left: 1
Here 
Reduce: 3.2

Picking Instances...
Pick_instance: C3 Max forced: -0.4
Pick: C3 at 4 1

at single cell
at multipleCellMovement
Origin Rip net: 
N1
N4
N5
Find Place to Move
2
1
1
Here
Voltage Area: 0
11.7 
Choice 1
( 4 1 )
recover information
C3 -0.4
Rip net list: 
N1 N4 N5 
Backup list: 
N1 N4 N5 
return  multipleCellMovement result
moveCell
lock
Reduce: 0

Picking Instances...
Pick_instance: C4 Max forced: -1.5
Pick: C4 at 3 3

at single cell
at multipleCellMovement
Origin Rip net: 
N3
N4
Find Place to Move
1
1
Here
Voltage Area: 0
7.2 
Choice 1
( 3 3 )
recover information
C4 -1.5
Rip net list: 
N3 N4 
Backup list: 
N3 N4 
return  multipleCellMovement result
moveCell
lock
Reduce: 0

Picking Instances...
Pick_instance: C5 Max forced: -1.5
Pick: C5 at 3 3

at single cell
at multipleCellMovement
Origin Rip net: 
N2
N3
Find Place to Move
1
1
Here
Has constraint
Voltage Area: 4
5.2 
Choice 1
( 3 3 )
recover information
C5 -1.5
Rip net list: 
N2 N3 
Backup list: 
N2 N3 
return  multipleCellMovement result
moveCell
lock
Reduce: 0

Picking Instances...
Pick_instance: C6 Max forced: -2.64
Pick: C6 at 4 1

at single cell
at multipleCellMovement
Origin Rip net: 
N5
N6
Find Place to Move
1
1
Here
Voltage Area: 0
0 
Choice 1
( 4 1 )
recover information
C6 -2.64
Rip net list: 
N5 N6 
Backup list: 
N5 N6 
return  multipleCellMovement result
moveCell
lock
Reduce: 0

Picking Instances...
Single Cell Move:   3
Single Cell Failed Move:   5
Multiple Cell Move: 0
Multiple Cell Failed Move: 0
Failed Move:        5

Start post-routing optimization
N1 Ideal: 4.8 Real: 4.8
N6 Ideal: 1.2 Real: 1.2
N5 Ideal: 1.2 Real: 1.2
N3 Ideal: 3 Real: 3
N2 Ideal: 5.6 Real: 5.6
N4 Ideal: 6.8 Real: 6.8
Grid Length: 20 Calculate Length: 20(25.24)
Ideal wire length is: 20(25.24)
End optimization

SUMMARY
Number of Iteration:                    8
Number of success movement:             3
Number of failed movement:              5
Number of routing refinement:           0
Number of moved instance:               2
Additional Information for debug
Number of routing failed:               0
Number of placed failed:                0
Writing to output...
Spend time: 0
